2026-05-26 13:08:09 [INFO] Found 32 file(s) across 6 language(s). Workers=4, Target=en-IN, Model=sarvam-translate:v1
2026-05-26 13:08:09 [DEBUG] Translating chunk 1/4 (274 chars)
2026-05-26 13:08:09 [DEBUG] Translating chunk 1/5 (283 chars)
2026-05-26 13:08:09 [DEBUG] Translating chunk 1/4 (469 chars)
2026-05-26 13:08:09 [DEBUG] Translating chunk 1/4 (368 chars)
2026-05-26 13:08:12 [WARNING] Translate attempt 1 failed: [SSL: CERTIFICATE_VERIFY_FAILED] certificate verify failed: unable to get local issuer certificate (_ssl.c:1081). Retrying in 2.0s...
2026-05-26 13:08:12 [WARNING] Translate attempt 1 failed: [SSL: CERTIFICATE_VERIFY_FAILED] certificate verify failed: unable to get local issuer certificate (_ssl.c:1081). Retrying in 2.0s...
2026-05-26 13:08:12 [WARNING] Translate attempt 1 failed: [SSL: CERTIFICATE_VERIFY_FAILED] certificate verify failed: unable to get local issuer certificate (_ssl.c:1081). Retrying in 2.0s...
2026-05-26 13:08:12 [WARNING] Translate attempt 1 failed: [SSL: CERTIFICATE_VERIFY_FAILED] certificate verify failed: unable to get local issuer certificate (_ssl.c:1081). Retrying in 2.0s...
2026-05-26 13:08:14 [WARNING] Translate attempt 2 failed: [SSL: CERTIFICATE_VERIFY_FAILED] certificate verify failed: unable to get local issuer certificate (_ssl.c:1081). Retrying in 4.0s...
2026-05-26 13:08:14 [WARNING] Translate attempt 2 failed: [SSL: CERTIFICATE_VERIFY_FAILED] certificate verify failed: unable to get local issuer certificate (_ssl.c:1081). Retrying in 4.0s...
2026-05-26 13:08:14 [WARNING] Translate attempt 2 failed: [SSL: CERTIFICATE_VERIFY_FAILED] certificate verify failed: unable to get local issuer certificate (_ssl.c:1081). Retrying in 4.0s...
2026-05-26 13:08:14 [WARNING] Translate attempt 2 failed: [SSL: CERTIFICATE_VERIFY_FAILED] certificate verify failed: unable to get local issuer certificate (_ssl.c:1081). Retrying in 4.0s...
2026-05-26 13:08:18 [WARNING] Translate attempt 3 failed: [SSL: CERTIFICATE_VERIFY_FAILED] certificate verify failed: unable to get local issuer certificate (_ssl.c:1081). Retrying in 8.0s...
2026-05-26 13:08:18 [ERROR] Error [bengali/invoice_azimg_20260519_153746_560_0002.md]: [SSL: CERTIFICATE_VERIFY_FAILED] certificate verify failed: unable to get local issuer certificate (_ssl.c:1081)
2026-05-26 13:08:18 [DEBUG] Translating chunk 1/4 (225 chars)
2026-05-26 13:08:18 [WARNING] Translate attempt 3 failed: [SSL: CERTIFICATE_VERIFY_FAILED] certificate verify failed: unable to get local issuer certificate (_ssl.c:1081). Retrying in 8.0s...
2026-05-26 13:08:18 [WARNING] Translate attempt 3 failed: [SSL: CERTIFICATE_VERIFY_FAILED] certificate verify failed: unable to get local issuer certificate (_ssl.c:1081). Retrying in 8.0s...
2026-05-26 13:08:18 [ERROR] Error [bengali/invoice_azimg_20260519_122908_227_0001.md]: [SSL: CERTIFICATE_VERIFY_FAILED] certificate verify failed: unable to get local issuer certificate (_ssl.c:1081)
2026-05-26 13:08:18 [ERROR] Error [bengali/invoice_azimg_20260519_153910_700_0003.md]: [SSL: CERTIFICATE_VERIFY_FAILED] certificate verify failed: unable to get local issuer certificate (_ssl.c:1081)
2026-05-26 13:08:18 [DEBUG] Translating chunk 1/4 (241 chars)
2026-05-26 13:08:18 [DEBUG] Translating chunk 1/5 (347 chars)
2026-05-26 13:08:18 [WARNING] Translate attempt 3 failed: [SSL: CERTIFICATE_VERIFY_FAILED] certificate verify failed: unable to get local issuer certificate (_ssl.c:1081). Retrying in 8.0s...
2026-05-26 13:08:18 [ERROR] Error [bengali/invoice_azimg_20260519_153613_901_0001.md]: [SSL: CERTIFICATE_VERIFY_FAILED] certificate verify failed: unable to get local issuer certificate (_ssl.c:1081)
2026-05-26 13:08:18 [DEBUG] Translating chunk 1/5 (297 chars)
2026-05-26 13:08:18 [WARNING] Translate attempt 1 failed: [SSL: CERTIFICATE_VERIFY_FAILED] certificate verify failed: unable to get local issuer certificate (_ssl.c:1081). Retrying in 2.0s...
2026-05-26 13:08:18 [WARNING] Translate attempt 1 failed: [SSL: CERTIFICATE_VERIFY_FAILED] certificate verify failed: unable to get local issuer certificate (_ssl.c:1081). Retrying in 2.0s...
2026-05-26 13:08:18 [WARNING] Translate attempt 1 failed: [SSL: CERTIFICATE_VERIFY_FAILED] certificate verify failed: unable to get local issuer certificate (_ssl.c:1081). Retrying in 2.0s...
2026-05-26 13:08:18 [WARNING] Translate attempt 1 failed: [SSL: CERTIFICATE_VERIFY_FAILED] certificate verify failed: unable to get local issuer certificate (_ssl.c:1081). Retrying in 2.0s...
2026-05-26 13:08:21 [WARNING] Translate attempt 2 failed: [SSL: CERTIFICATE_VERIFY_FAILED] certificate verify failed: unable to get local issuer certificate (_ssl.c:1081). Retrying in 4.0s...
2026-05-26 13:08:21 [WARNING] Translate attempt 2 failed: [SSL: CERTIFICATE_VERIFY_FAILED] certificate verify failed: unable to get local issuer certificate (_ssl.c:1081). Retrying in 4.0s...
2026-05-26 13:08:21 [WARNING] Translate attempt 2 failed: [SSL: CERTIFICATE_VERIFY_FAILED] certificate verify failed: unable to get local issuer certificate (_ssl.c:1081). Retrying in 4.0s...
2026-05-26 13:08:21 [WARNING] Translate attempt 2 failed: [SSL: CERTIFICATE_VERIFY_FAILED] certificate verify failed: unable to get local issuer certificate (_ssl.c:1081). Retrying in 4.0s...
2026-05-26 13:19:24 [INFO] Found 32 file(s) across 6 language(s). Workers=4, Target=en-IN, Model=sarvam-translate:v1
2026-05-26 13:19:24 [DEBUG] Translating chunk 1/5 (283 chars)
2026-05-26 13:19:24 [DEBUG] Translating chunk 1/4 (368 chars)
2026-05-26 13:19:24 [DEBUG] Translating chunk 1/4 (274 chars)
2026-05-26 13:19:24 [DEBUG] Translating chunk 1/4 (469 chars)
2026-05-26 13:19:25 [DEBUG] Translating chunk 2/5 (1498 chars)
2026-05-26 13:19:25 [DEBUG] Translating chunk 2/4 (1491 chars)
2026-05-26 13:19:25 [DEBUG] Translating chunk 2/4 (1497 chars)
2026-05-26 13:19:26 [DEBUG] Translating chunk 2/4 (1497 chars)
2026-05-26 13:19:29 [DEBUG] Translating chunk 3/4 (1091 chars)
2026-05-26 13:19:30 [DEBUG] Translating chunk 3/4 (1437 chars)
2026-05-26 13:19:32 [DEBUG] Translating chunk 4/4 (308 chars)
2026-05-26 13:19:32 [INFO] Done: bengali/invoice_azimg_20260519_122908_227_0001.md
2026-05-26 13:19:33 [DEBUG] Translating chunk 1/4 (225 chars)
2026-05-26 13:19:33 [DEBUG] Translating chunk 4/4 (448 chars)
2026-05-26 13:19:33 [DEBUG] Translating chunk 2/4 (1495 chars)
2026-05-26 13:19:34 [INFO] Done: bengali/invoice_azimg_20260519_153910_700_0003.md
2026-05-26 13:19:34 [DEBUG] Translating chunk 1/4 (241 chars)
2026-05-26 13:19:35 [DEBUG] Translating chunk 2/4 (1496 chars)
2026-05-26 13:19:37 [DEBUG] Translating chunk 3/4 (998 chars)
2026-05-26 13:19:39 [DEBUG] Translating chunk 3/4 (1482 chars)
2026-05-26 13:19:43 [DEBUG] Translating chunk 4/4 (429 chars)
2026-05-26 13:19:44 [INFO] Done: bengali/invoice_azimg_20260519_154345_017_0005.md
2026-05-26 13:19:44 [DEBUG] Translating chunk 1/5 (347 chars)
2026-05-26 13:19:45 [DEBUG] Translating chunk 3/4 (910 chars)
2026-05-26 13:19:45 [DEBUG] Translating chunk 2/5 (1492 chars)
2026-05-26 13:19:47 [DEBUG] Translating chunk 4/4 (128 chars)
2026-05-26 13:19:48 [INFO] Done: bengali/invoice_azimg_20260519_153746_560_0002.md
2026-05-26 13:19:48 [DEBUG] Translating chunk 1/5 (297 chars)
2026-05-26 13:19:48 [DEBUG] Translating chunk 2/5 (1492 chars)
2026-05-26 13:19:49 [DEBUG] Translating chunk 3/5 (1354 chars)
2026-05-26 13:19:52 [DEBUG] Translating chunk 3/5 (1389 chars)
2026-05-26 13:19:53 [DEBUG] Translating chunk 4/5 (541 chars)
2026-05-26 13:19:54 [DEBUG] Translating chunk 5/5 (263 chars)
2026-05-26 13:19:55 [INFO] Done: hindi/invoice_azimg_20260518_164156_260_0001.md
2026-05-26 13:19:55 [DEBUG] Translating chunk 1/3 (222 chars)
2026-05-26 13:19:56 [DEBUG] Translating chunk 2/3 (1495 chars)
2026-05-26 13:19:56 [DEBUG] Translating chunk 4/5 (363 chars)
2026-05-26 13:19:57 [DEBUG] Translating chunk 5/5 (268 chars)
2026-05-26 13:19:57 [INFO] Done: hindi/invoice_azimg_20260518_164305_728_0002.md
2026-05-26 13:19:57 [DEBUG] Translating chunk 1/4 (604 chars)
2026-05-26 13:19:59 [DEBUG] Translating chunk 2/4 (1492 chars)
2026-05-26 13:19:59 [DEBUG] Translating chunk 3/3 (1336 chars)
2026-05-26 13:20:03 [DEBUG] Translating chunk 3/4 (1473 chars)
2026-05-26 13:20:05 [INFO] Done: hindi/invoice_azimg_20260518_164413_911_0003.md
2026-05-26 13:20:05 [DEBUG] Translating chunk 1/6 (314 chars)
2026-05-26 13:20:07 [DEBUG] Translating chunk 2/6 (1500 chars)
2026-05-26 13:20:10 [DEBUG] Translating chunk 4/4 (976 chars)
2026-05-26 13:20:11 [DEBUG] Translating chunk 4/4 (292 chars)
2026-05-26 13:20:11 [DEBUG] Translating chunk 3/6 (1461 chars)
2026-05-26 13:20:12 [INFO] Done: hindi/invoice_azimg_20260518_164512_602_0004.md
2026-05-26 13:20:12 [INFO] Done: bengali/invoice_azimg_20260519_154113_077_0004.md
2026-05-26 13:20:12 [DEBUG] Translating chunk 1/3 (662 chars)
2026-05-26 13:20:12 [DEBUG] Translating chunk 1/6 (304 chars)
2026-05-26 13:20:13 [DEBUG] Translating chunk 2/6 (1478 chars)
2026-05-26 13:20:13 [DEBUG] Translating chunk 2/3 (1494 chars)
2026-05-26 13:20:15 [DEBUG] Translating chunk 4/6 (1500 chars)
2026-05-26 13:20:17 [DEBUG] Translating chunk 3/6 (1471 chars)
2026-05-26 13:20:18 [DEBUG] Translating chunk 3/3 (1391 chars)
2026-05-26 13:20:20 [DEBUG] Translating chunk 4/6 (1446 chars)
2026-05-26 13:20:22 [INFO] Done: kannada/invoice_azimg_20260518_165424_383_0001.md
2026-05-26 13:20:22 [DEBUG] Translating chunk 1/4 (276 chars)
2026-05-26 13:20:23 [DEBUG] Translating chunk 2/4 (1495 chars)
2026-05-26 13:20:25 [WARNING] Translate attempt 1 failed: The read operation timed out. Retrying in 2.0s...
2026-05-26 13:20:26 [DEBUG] Translating chunk 3/4 (1376 chars)
2026-05-26 13:20:27 [DEBUG] Translating chunk 5/6 (112 chars)
2026-05-26 13:20:28 [DEBUG] Translating chunk 6/6 (260 chars)
2026-05-26 13:20:29 [INFO] Done: hindi/invoice_azimg_20260518_164637_822_0005.md
2026-05-26 13:20:29 [DEBUG] Translating chunk 1/4 (489 chars)
2026-05-26 13:20:30 [DEBUG] Translating chunk 4/4 (539 chars)
2026-05-26 13:20:30 [DEBUG] Translating chunk 2/4 (1487 chars)
2026-05-26 13:20:31 [DEBUG] Translating chunk 3/5 (1482 chars)
2026-05-26 13:20:32 [INFO] Done: kannada/invoice_azimg_20260518_165531_027_0002.md
2026-05-26 13:20:32 [DEBUG] Translating chunk 1/3 (387 chars)
2026-05-26 13:20:32 [DEBUG] Translating chunk 5/6 (1412 chars)
2026-05-26 13:20:33 [DEBUG] Translating chunk 2/3 (1495 chars)
2026-05-26 13:20:35 [DEBUG] Translating chunk 3/4 (1094 chars)
2026-05-26 13:20:36 [DEBUG] Translating chunk 4/5 (46 chars)
2026-05-26 13:20:37 [DEBUG] Translating chunk 5/5 (955 chars)
2026-05-26 13:20:37 [DEBUG] Translating chunk 3/3 (778 chars)
2026-05-26 13:20:38 [DEBUG] Translating chunk 4/4 (324 chars)
2026-05-26 13:20:39 [INFO] Done: bengali/invoice_azimg_20260519_153613_901_0001.md
2026-05-26 13:20:39 [DEBUG] Translating chunk 1/4 (269 chars)
2026-05-26 13:20:40 [DEBUG] Translating chunk 2/4 (1497 chars)
2026-05-26 13:20:40 [INFO] Done: kannada/invoice_azimg_20260518_165744_645_0004.md
2026-05-26 13:20:40 [DEBUG] Translating chunk 1/3 (951 chars)
2026-05-26 13:20:42 [DEBUG] Translating chunk 2/3 (1490 chars)
2026-05-26 13:20:44 [DEBUG] Translating chunk 3/4 (1110 chars)
2026-05-26 13:20:44 [DEBUG] Translating chunk 6/6 (1383 chars)
2026-05-26 13:20:46 [DEBUG] Translating chunk 4/4 (146 chars)
2026-05-26 13:20:46 [DEBUG] Translating chunk 3/3 (642 chars)
2026-05-26 13:20:48 [INFO] Done: marathi/invoice_azimg_20260518_164804_713_0001.md
2026-05-26 13:20:48 [DEBUG] Translating chunk 1/5 (313 chars)
2026-05-26 13:20:49 [DEBUG] Translating chunk 2/5 (1496 chars)
2026-05-26 13:20:53 [DEBUG] Translating chunk 3/5 (1479 chars)
2026-05-26 13:20:54 [INFO] Done: kannada/invoice_azimg_20260518_165635_605_0003.md
2026-05-26 13:20:54 [DEBUG] Translating chunk 1/4 (324 chars)
2026-05-26 13:20:55 [DEBUG] Translating chunk 2/4 (1493 chars)
2026-05-26 13:20:56 [INFO] Done: hindi/invoice_azimg_20260519_122631_271_0001.md
2026-05-26 13:20:56 [DEBUG] Translating chunk 1/4 (348 chars)
2026-05-26 13:20:57 [DEBUG] Translating chunk 2/4 (1496 chars)
2026-05-26 13:20:59 [DEBUG] Translating chunk 3/4 (1349 chars)
2026-05-26 13:21:00 [DEBUG] Translating chunk 3/4 (1402 chars)
2026-05-26 13:21:02 [INFO] Done: kannada/invoice_azimg_20260518_165852_400_0005.md
2026-05-26 13:21:02 [DEBUG] Translating chunk 1/4 (253 chars)
2026-05-26 13:21:03 [DEBUG] Translating chunk 4/4 (659 chars)
2026-05-26 13:21:04 [DEBUG] Translating chunk 4/4 (949 chars)
2026-05-26 13:21:04 [DEBUG] Translating chunk 4/5 (1069 chars)
2026-05-26 13:21:05 [INFO] Done: marathi/invoice_azimg_20260518_165010_694_0003.md
2026-05-26 13:21:05 [DEBUG] Translating chunk 1/3 (1138 chars)
2026-05-26 13:21:06 [INFO] Done: marathi/invoice_azimg_20260518_165119_130_0004.md
2026-05-26 13:21:06 [DEBUG] Translating chunk 1/4 (390 chars)
2026-05-26 13:21:06 [DEBUG] Translating chunk 5/5 (10 chars)
2026-05-26 13:21:07 [INFO] Done: marathi/invoice_azimg_20260518_164907_768_0002.md
2026-05-26 13:21:07 [DEBUG] Translating chunk 1/4 (355 chars)
2026-05-26 13:21:07 [WARNING] Translate attempt 1 failed: headers: {'date': 'Tue, 26 May 2026 07:51:05 GMT', 'content-type': 'application/json', 'content-length': '140', 'connection': 'keep-alive', 'server': 'uvicorn', 'x-request-id': '20260526_64d3dcd1-656a-41c0-b07c-56b79a479c5b', 'access-control-allow-origin': '*', 'strict-transport-security': 'max-age=31536000; includeSubDomains', 'x-frame-options': 'DENY', 'x-content-type-options': 'nosniff', 'referrer-policy': 'strict-origin-when-cross-origin', 'permissions-policy': 'geolocation=(), camera=(), microphone=(), payment=()', 'content-security-policy': "default-src 'none'; frame-ancestors 'none'", 'cache-control': 'no-store, no-cache, must-revalidate', 'pragma': 'no-cache', 'expires': '0', 'x-xss-protection': '0'}, status_code: 402, body: {'error': {'message': 'No credits available.', 'code': 'insufficient_quota_error', 'request_id': '20260526_64d3dcd1-656a-41c0-b07c-56b79a479c5b'}}. Retrying in 2.0s...
2026-05-26 13:21:07 [DEBUG] Translating chunk 2/3 (1484 chars)
2026-05-26 13:21:07 [DEBUG] Translating chunk 2/4 (1498 chars)
2026-05-26 13:21:09 [WARNING] Translate attempt 2 failed: headers: {'date': 'Tue, 26 May 2026 07:51:07 GMT', 'content-type': 'application/json', 'content-length': '140', 'connection': 'keep-alive', 'server': 'uvicorn', 'x-request-id': '20260526_e708e3b0-16fd-4255-8340-334ee561c122', 'access-control-allow-origin': '*', 'strict-transport-security': 'max-age=31536000; includeSubDomains', 'x-frame-options': 'DENY', 'x-content-type-options': 'nosniff', 'referrer-policy': 'strict-origin-when-cross-origin', 'permissions-policy': 'geolocation=(), camera=(), microphone=(), payment=()', 'content-security-policy': "default-src 'none'; frame-ancestors 'none'", 'cache-control': 'no-store, no-cache, must-revalidate', 'pragma': 'no-cache', 'expires': '0', 'x-xss-protection': '0'}, status_code: 402, body: {'error': {'message': 'No credits available.', 'code': 'insufficient_quota_error', 'request_id': '20260526_e708e3b0-16fd-4255-8340-334ee561c122'}}. Retrying in 4.0s...
2026-05-26 13:21:11 [DEBUG] Translating chunk 3/4 (1500 chars)
2026-05-26 13:21:11 [DEBUG] Translating chunk 3/3 (1003 chars)
2026-05-26 13:21:11 [WARNING] Translate attempt 1 failed: headers: {'date': 'Tue, 26 May 2026 07:51:09 GMT', 'content-type': 'application/json', 'content-length': '140', 'connection': 'keep-alive', 'server': 'uvicorn', 'x-request-id': '20260526_bef4f78a-150e-49f1-95b4-c99753a0bcbf', 'access-control-allow-origin': '*', 'strict-transport-security': 'max-age=31536000; includeSubDomains', 'x-frame-options': 'DENY', 'x-content-type-options': 'nosniff', 'referrer-policy': 'strict-origin-when-cross-origin', 'permissions-policy': 'geolocation=(), camera=(), microphone=(), payment=()', 'content-security-policy': "default-src 'none'; frame-ancestors 'none'", 'cache-control': 'no-store, no-cache, must-revalidate', 'pragma': 'no-cache', 'expires': '0', 'x-xss-protection': '0'}, status_code: 402, body: {'error': {'message': 'No credits available.', 'code': 'insufficient_quota_error', 'request_id': '20260526_bef4f78a-150e-49f1-95b4-c99753a0bcbf'}}. Retrying in 2.0s...
2026-05-26 13:21:13 [WARNING] Translate attempt 2 failed: headers: {'date': 'Tue, 26 May 2026 07:51:11 GMT', 'content-type': 'application/json', 'content-length': '140', 'connection': 'keep-alive', 'server': 'uvicorn', 'x-request-id': '20260526_2021b013-154c-42b8-99be-3ce16757826d', 'access-control-allow-origin': '*', 'strict-transport-security': 'max-age=31536000; includeSubDomains', 'x-frame-options': 'DENY', 'x-content-type-options': 'nosniff', 'referrer-policy': 'strict-origin-when-cross-origin', 'permissions-policy': 'geolocation=(), camera=(), microphone=(), payment=()', 'content-security-policy': "default-src 'none'; frame-ancestors 'none'", 'cache-control': 'no-store, no-cache, must-revalidate', 'pragma': 'no-cache', 'expires': '0', 'x-xss-protection': '0'}, status_code: 402, body: {'error': {'message': 'No credits available.', 'code': 'insufficient_quota_error', 'request_id': '20260526_2021b013-154c-42b8-99be-3ce16757826d'}}. Retrying in 4.0s...
2026-05-26 13:21:14 [INFO] Done: tamil/invoice_azimg_20260519_160402_993_0001.md
2026-05-26 13:21:14 [DEBUG] Translating chunk 1/5 (238 chars)
2026-05-26 13:21:14 [WARNING] Translate attempt 1 failed: headers: {'date': 'Tue, 26 May 2026 07:51:12 GMT', 'content-type': 'application/json', 'content-length': '140', 'connection': 'keep-alive', 'server': 'uvicorn', 'x-request-id': '20260526_bfff5117-711f-4403-84c4-6f3603437105', 'access-control-allow-origin': '*', 'strict-transport-security': 'max-age=31536000; includeSubDomains', 'x-frame-options': 'DENY', 'x-content-type-options': 'nosniff', 'referrer-policy': 'strict-origin-when-cross-origin', 'permissions-policy': 'geolocation=(), camera=(), microphone=(), payment=()', 'content-security-policy': "default-src 'none'; frame-ancestors 'none'", 'cache-control': 'no-store, no-cache, must-revalidate', 'pragma': 'no-cache', 'expires': '0', 'x-xss-protection': '0'}, status_code: 402, body: {'error': {'message': 'No credits available.', 'code': 'insufficient_quota_error', 'request_id': '20260526_bfff5117-711f-4403-84c4-6f3603437105'}}. Retrying in 2.0s...
2026-05-26 13:21:14 [DEBUG] Translating chunk 2/4 (1491 chars)
2026-05-26 13:21:14 [WARNING] Translate attempt 1 failed: headers: {'date': 'Tue, 26 May 2026 07:51:13 GMT', 'content-type': 'application/json', 'content-length': '140', 'connection': 'keep-alive', 'server': 'uvicorn', 'x-request-id': '20260526_54cc716a-f427-4c21-bce9-95e54d0e5b69', 'access-control-allow-origin': '*', 'strict-transport-security': 'max-age=31536000; includeSubDomains', 'x-frame-options': 'DENY', 'x-content-type-options': 'nosniff', 'referrer-policy': 'strict-origin-when-cross-origin', 'permissions-policy': 'geolocation=(), camera=(), microphone=(), payment=()', 'content-security-policy': "default-src 'none'; frame-ancestors 'none'", 'cache-control': 'no-store, no-cache, must-revalidate', 'pragma': 'no-cache', 'expires': '0', 'x-xss-protection': '0'}, status_code: 402, body: {'error': {'message': 'No credits available.', 'code': 'insufficient_quota_error', 'request_id': '20260526_54cc716a-f427-4c21-bce9-95e54d0e5b69'}}. Retrying in 2.0s...
2026-05-26 13:21:17 [DEBUG] Translating chunk 2/5 (1492 chars)
2026-05-26 13:21:17 [WARNING] Translate attempt 2 failed: headers: {'date': 'Tue, 26 May 2026 07:51:15 GMT', 'content-type': 'application/json', 'content-length': '140', 'connection': 'keep-alive', 'server': 'uvicorn', 'x-request-id': '20260526_b832772b-17ef-41e7-bfc9-b1c3166d4aff', 'access-control-allow-origin': '*', 'strict-transport-security': 'max-age=31536000; includeSubDomains', 'x-frame-options': 'DENY', 'x-content-type-options': 'nosniff', 'referrer-policy': 'strict-origin-when-cross-origin', 'permissions-policy': 'geolocation=(), camera=(), microphone=(), payment=()', 'content-security-policy': "default-src 'none'; frame-ancestors 'none'", 'cache-control': 'no-store, no-cache, must-revalidate', 'pragma': 'no-cache', 'expires': '0', 'x-xss-protection': '0'}, status_code: 402, body: {'error': {'message': 'No credits available.', 'code': 'insufficient_quota_error', 'request_id': '20260526_b832772b-17ef-41e7-bfc9-b1c3166d4aff'}}. Retrying in 4.0s...
2026-05-26 13:21:17 [WARNING] Translate attempt 3 failed: headers: {'date': 'Tue, 26 May 2026 07:51:15 GMT', 'content-type': 'application/json', 'content-length': '140', 'connection': 'keep-alive', 'server': 'uvicorn', 'x-request-id': '20260526_c70e5bd5-ac23-442f-b45c-d555f2b7e17a', 'access-control-allow-origin': '*', 'strict-transport-security': 'max-age=31536000; includeSubDomains', 'x-frame-options': 'DENY', 'x-content-type-options': 'nosniff', 'referrer-policy': 'strict-origin-when-cross-origin', 'permissions-policy': 'geolocation=(), camera=(), microphone=(), payment=()', 'content-security-policy': "default-src 'none'; frame-ancestors 'none'", 'cache-control': 'no-store, no-cache, must-revalidate', 'pragma': 'no-cache', 'expires': '0', 'x-xss-protection': '0'}, status_code: 402, body: {'error': {'message': 'No credits available.', 'code': 'insufficient_quota_error', 'request_id': '20260526_c70e5bd5-ac23-442f-b45c-d555f2b7e17a'}}. Retrying in 8.0s...
2026-05-26 13:21:17 [ERROR] Error [tamil/invoice_azimg_20260519_160536_242_0002.md]: headers: {'date': 'Tue, 26 May 2026 07:51:15 GMT', 'content-type': 'application/json', 'content-length': '140', 'connection': 'keep-alive', 'server': 'uvicorn', 'x-request-id': '20260526_c70e5bd5-ac23-442f-b45c-d555f2b7e17a', 'access-control-allow-origin': '*', 'strict-transport-security': 'max-age=31536000; includeSubDomains', 'x-frame-options': 'DENY', 'x-content-type-options': 'nosniff', 'referrer-policy': 'strict-origin-when-cross-origin', 'permissions-policy': 'geolocation=(), camera=(), microphone=(), payment=()', 'content-security-policy': "default-src 'none'; frame-ancestors 'none'", 'cache-control': 'no-store, no-cache, must-revalidate', 'pragma': 'no-cache', 'expires': '0', 'x-xss-protection': '0'}, status_code: 402, body: {'error': {'message': 'No credits available.', 'code': 'insufficient_quota_error', 'request_id': '20260526_c70e5bd5-ac23-442f-b45c-d555f2b7e17a'}}
2026-05-26 13:21:17 [DEBUG] Translating chunk 1/3 (87 chars)
2026-05-26 13:21:17 [WARNING] Translate attempt 1 failed: headers: {'date': 'Tue, 26 May 2026 07:51:16 GMT', 'content-type': 'application/json', 'content-length': '140', 'connection': 'keep-alive', 'server': 'uvicorn', 'x-request-id': '20260526_22ad6da6-838a-4f8a-b32a-658d7e34b307', 'access-control-allow-origin': '*', 'strict-transport-security': 'max-age=31536000; includeSubDomains', 'x-frame-options': 'DENY', 'x-content-type-options': 'nosniff', 'referrer-policy': 'strict-origin-when-cross-origin', 'permissions-policy': 'geolocation=(), camera=(), microphone=(), payment=()', 'content-security-policy': "default-src 'none'; frame-ancestors 'none'", 'cache-control': 'no-store, no-cache, must-revalidate', 'pragma': 'no-cache', 'expires': '0', 'x-xss-protection': '0'}, status_code: 402, body: {'error': {'message': 'No credits available.', 'code': 'insufficient_quota_error', 'request_id': '20260526_22ad6da6-838a-4f8a-b32a-658d7e34b307'}}. Retrying in 2.0s...
2026-05-26 13:21:20 [WARNING] Translate attempt 2 failed: headers: {'date': 'Tue, 26 May 2026 07:51:18 GMT', 'content-type': 'application/json', 'content-length': '140', 'connection': 'keep-alive', 'server': 'uvicorn', 'x-request-id': '20260526_c43fb55f-20c2-43cd-8953-a41efb2c9048', 'access-control-allow-origin': '*', 'strict-transport-security': 'max-age=31536000; includeSubDomains', 'x-frame-options': 'DENY', 'x-content-type-options': 'nosniff', 'referrer-policy': 'strict-origin-when-cross-origin', 'permissions-policy': 'geolocation=(), camera=(), microphone=(), payment=()', 'content-security-policy': "default-src 'none'; frame-ancestors 'none'", 'cache-control': 'no-store, no-cache, must-revalidate', 'pragma': 'no-cache', 'expires': '0', 'x-xss-protection': '0'}, status_code: 402, body: {'error': {'message': 'No credits available.', 'code': 'insufficient_quota_error', 'request_id': '20260526_c43fb55f-20c2-43cd-8953-a41efb2c9048'}}. Retrying in 4.0s...
2026-05-26 13:21:20 [DEBUG] Translating chunk 3/5 (1456 chars)
2026-05-26 13:21:21 [WARNING] Translate attempt 1 failed: headers: {'date': 'Tue, 26 May 2026 07:51:19 GMT', 'content-type': 'application/json', 'content-length': '140', 'connection': 'keep-alive', 'server': 'uvicorn', 'x-request-id': '20260526_8ef5b68d-48f6-4392-8382-6821802f96ae', 'access-control-allow-origin': '*', 'strict-transport-security': 'max-age=31536000; includeSubDomains', 'x-frame-options': 'DENY', 'x-content-type-options': 'nosniff', 'referrer-policy': 'strict-origin-when-cross-origin', 'permissions-policy': 'geolocation=(), camera=(), microphone=(), payment=()', 'content-security-policy': "default-src 'none'; frame-ancestors 'none'", 'cache-control': 'no-store, no-cache, must-revalidate', 'pragma': 'no-cache', 'expires': '0', 'x-xss-protection': '0'}, status_code: 402, body: {'error': {'message': 'No credits available.', 'code': 'insufficient_quota_error', 'request_id': '20260526_8ef5b68d-48f6-4392-8382-6821802f96ae'}}. Retrying in 2.0s...
2026-05-26 13:21:21 [WARNING] Translate attempt 3 failed: headers: {'date': 'Tue, 26 May 2026 07:51:19 GMT', 'content-type': 'application/json', 'content-length': '140', 'connection': 'keep-alive', 'server': 'uvicorn', 'x-request-id': '20260526_d715527d-76b5-40f3-b93f-fd72250d74c6', 'access-control-allow-origin': '*', 'strict-transport-security': 'max-age=31536000; includeSubDomains', 'x-frame-options': 'DENY', 'x-content-type-options': 'nosniff', 'referrer-policy': 'strict-origin-when-cross-origin', 'permissions-policy': 'geolocation=(), camera=(), microphone=(), payment=()', 'content-security-policy': "default-src 'none'; frame-ancestors 'none'", 'cache-control': 'no-store, no-cache, must-revalidate', 'pragma': 'no-cache', 'expires': '0', 'x-xss-protection': '0'}, status_code: 402, body: {'error': {'message': 'No credits available.', 'code': 'insufficient_quota_error', 'request_id': '20260526_d715527d-76b5-40f3-b93f-fd72250d74c6'}}. Retrying in 8.0s...
2026-05-26 13:21:21 [ERROR] Error [tamil/invoice_azimg_20260519_160730_028_0003.md]: headers: {'date': 'Tue, 26 May 2026 07:51:19 GMT', 'content-type': 'application/json', 'content-length': '140', 'connection': 'keep-alive', 'server': 'uvicorn', 'x-request-id': '20260526_d715527d-76b5-40f3-b93f-fd72250d74c6', 'access-control-allow-origin': '*', 'strict-transport-security': 'max-age=31536000; includeSubDomains', 'x-frame-options': 'DENY', 'x-content-type-options': 'nosniff', 'referrer-policy': 'strict-origin-when-cross-origin', 'permissions-policy': 'geolocation=(), camera=(), microphone=(), payment=()', 'content-security-policy': "default-src 'none'; frame-ancestors 'none'", 'cache-control': 'no-store, no-cache, must-revalidate', 'pragma': 'no-cache', 'expires': '0', 'x-xss-protection': '0'}, status_code: 402, body: {'error': {'message': 'No credits available.', 'code': 'insufficient_quota_error', 'request_id': '20260526_d715527d-76b5-40f3-b93f-fd72250d74c6'}}
2026-05-26 13:21:21 [DEBUG] Translating chunk 1/4 (725 chars)
2026-05-26 13:21:21 [WARNING] Translate attempt 1 failed: headers: {'date': 'Tue, 26 May 2026 07:51:19 GMT', 'content-type': 'application/json', 'content-length': '140', 'connection': 'keep-alive', 'server': 'uvicorn', 'x-request-id': '20260526_77ddb79b-2300-4873-a12a-5e3f8a84d3cd', 'access-control-allow-origin': '*', 'strict-transport-security': 'max-age=31536000; includeSubDomains', 'x-frame-options': 'DENY', 'x-content-type-options': 'nosniff', 'referrer-policy': 'strict-origin-when-cross-origin', 'permissions-policy': 'geolocation=(), camera=(), microphone=(), payment=()', 'content-security-policy': "default-src 'none'; frame-ancestors 'none'", 'cache-control': 'no-store, no-cache, must-revalidate', 'pragma': 'no-cache', 'expires': '0', 'x-xss-protection': '0'}, status_code: 402, body: {'error': {'message': 'No credits available.', 'code': 'insufficient_quota_error', 'request_id': '20260526_77ddb79b-2300-4873-a12a-5e3f8a84d3cd'}}. Retrying in 2.0s...
2026-05-26 13:21:23 [WARNING] Translate attempt 2 failed: headers: {'date': 'Tue, 26 May 2026 07:51:21 GMT', 'content-type': 'application/json', 'content-length': '140', 'connection': 'keep-alive', 'server': 'uvicorn', 'x-request-id': '20260526_dcdf3541-4afb-4910-b02d-8f1af417ebf6', 'access-control-allow-origin': '*', 'strict-transport-security': 'max-age=31536000; includeSubDomains', 'x-frame-options': 'DENY', 'x-content-type-options': 'nosniff', 'referrer-policy': 'strict-origin-when-cross-origin', 'permissions-policy': 'geolocation=(), camera=(), microphone=(), payment=()', 'content-security-policy': "default-src 'none'; frame-ancestors 'none'", 'cache-control': 'no-store, no-cache, must-revalidate', 'pragma': 'no-cache', 'expires': '0', 'x-xss-protection': '0'}, status_code: 402, body: {'error': {'message': 'No credits available.', 'code': 'insufficient_quota_error', 'request_id': '20260526_dcdf3541-4afb-4910-b02d-8f1af417ebf6'}}. Retrying in 4.0s...
2026-05-26 13:21:23 [WARNING] Translate attempt 2 failed: headers: {'date': 'Tue, 26 May 2026 07:51:21 GMT', 'content-type': 'application/json', 'content-length': '140', 'connection': 'keep-alive', 'server': 'uvicorn', 'x-request-id': '20260526_b3826922-e39e-41b1-9a65-d4ce33b8bd72', 'access-control-allow-origin': '*', 'strict-transport-security': 'max-age=31536000; includeSubDomains', 'x-frame-options': 'DENY', 'x-content-type-options': 'nosniff', 'referrer-policy': 'strict-origin-when-cross-origin', 'permissions-policy': 'geolocation=(), camera=(), microphone=(), payment=()', 'content-security-policy': "default-src 'none'; frame-ancestors 'none'", 'cache-control': 'no-store, no-cache, must-revalidate', 'pragma': 'no-cache', 'expires': '0', 'x-xss-protection': '0'}, status_code: 402, body: {'error': {'message': 'No credits available.', 'code': 'insufficient_quota_error', 'request_id': '20260526_b3826922-e39e-41b1-9a65-d4ce33b8bd72'}}. Retrying in 4.0s...
2026-05-26 13:21:24 [DEBUG] Translating chunk 2/3 (1487 chars)
2026-05-26 13:21:24 [WARNING] Translate attempt 1 failed: headers: {'date': 'Tue, 26 May 2026 07:51:22 GMT', 'content-type': 'application/json', 'content-length': '140', 'connection': 'keep-alive', 'server': 'uvicorn', 'x-request-id': '20260526_3f1bb217-4484-402d-8c30-4ac03a3f83e0', 'access-control-allow-origin': '*', 'strict-transport-security': 'max-age=31536000; includeSubDomains', 'x-frame-options': 'DENY', 'x-content-type-options': 'nosniff', 'referrer-policy': 'strict-origin-when-cross-origin', 'permissions-policy': 'geolocation=(), camera=(), microphone=(), payment=()', 'content-security-policy': "default-src 'none'; frame-ancestors 'none'", 'cache-control': 'no-store, no-cache, must-revalidate', 'pragma': 'no-cache', 'expires': '0', 'x-xss-protection': '0'}, status_code: 402, body: {'error': {'message': 'No credits available.', 'code': 'insufficient_quota_error', 'request_id': '20260526_3f1bb217-4484-402d-8c30-4ac03a3f83e0'}}. Retrying in 2.0s...
2026-05-26 13:21:27 [WARNING] Translate attempt 3 failed: headers: {'date': 'Tue, 26 May 2026 07:51:25 GMT', 'content-type': 'application/json', 'content-length': '140', 'connection': 'keep-alive', 'server': 'uvicorn', 'x-request-id': '20260526_fa95645f-67b3-42c6-aaa1-ad66a0cddbcb', 'access-control-allow-origin': '*', 'strict-transport-security': 'max-age=31536000; includeSubDomains', 'x-frame-options': 'DENY', 'x-content-type-options': 'nosniff', 'referrer-policy': 'strict-origin-when-cross-origin', 'permissions-policy': 'geolocation=(), camera=(), microphone=(), payment=()', 'content-security-policy': "default-src 'none'; frame-ancestors 'none'", 'cache-control': 'no-store, no-cache, must-revalidate', 'pragma': 'no-cache', 'expires': '0', 'x-xss-protection': '0'}, status_code: 402, body: {'error': {'message': 'No credits available.', 'code': 'insufficient_quota_error', 'request_id': '20260526_fa95645f-67b3-42c6-aaa1-ad66a0cddbcb'}}. Retrying in 8.0s...
2026-05-26 13:21:27 [ERROR] Error [tamil/invoice_azimg_20260519_161130_029_0004.md]: headers: {'date': 'Tue, 26 May 2026 07:51:25 GMT', 'content-type': 'application/json', 'content-length': '140', 'connection': 'keep-alive', 'server': 'uvicorn', 'x-request-id': '20260526_fa95645f-67b3-42c6-aaa1-ad66a0cddbcb', 'access-control-allow-origin': '*', 'strict-transport-security': 'max-age=31536000; includeSubDomains', 'x-frame-options': 'DENY', 'x-content-type-options': 'nosniff', 'referrer-policy': 'strict-origin-when-cross-origin', 'permissions-policy': 'geolocation=(), camera=(), microphone=(), payment=()', 'content-security-policy': "default-src 'none'; frame-ancestors 'none'", 'cache-control': 'no-store, no-cache, must-revalidate', 'pragma': 'no-cache', 'expires': '0', 'x-xss-protection': '0'}, status_code: 402, body: {'error': {'message': 'No credits available.', 'code': 'insufficient_quota_error', 'request_id': '20260526_fa95645f-67b3-42c6-aaa1-ad66a0cddbcb'}}
2026-05-26 13:21:27 [DEBUG] Translating chunk 1/4 (1112 chars)
2026-05-26 13:21:27 [WARNING] Translate attempt 1 failed: headers: {'date': 'Tue, 26 May 2026 07:51:25 GMT', 'content-type': 'application/json', 'content-length': '140', 'connection': 'keep-alive', 'server': 'uvicorn', 'x-request-id': '20260526_fa8ec598-68de-4984-bdce-ff278631b617', 'access-control-allow-origin': '*', 'strict-transport-security': 'max-age=31536000; includeSubDomains', 'x-frame-options': 'DENY', 'x-content-type-options': 'nosniff', 'referrer-policy': 'strict-origin-when-cross-origin', 'permissions-policy': 'geolocation=(), camera=(), microphone=(), payment=()', 'content-security-policy': "default-src 'none'; frame-ancestors 'none'", 'cache-control': 'no-store, no-cache, must-revalidate', 'pragma': 'no-cache', 'expires': '0', 'x-xss-protection': '0'}, status_code: 402, body: {'error': {'message': 'No credits available.', 'code': 'insufficient_quota_error', 'request_id': '20260526_fa8ec598-68de-4984-bdce-ff278631b617'}}. Retrying in 2.0s...
2026-05-26 13:21:29 [DEBUG] Translating chunk 2/4 (1497 chars)
2026-05-26 13:21:29 [WARNING] Translate attempt 2 failed: headers: {'date': 'Tue, 26 May 2026 07:51:27 GMT', 'content-type': 'application/json', 'content-length': '140', 'connection': 'keep-alive', 'server': 'uvicorn', 'x-request-id': '20260526_cb3211a2-d68e-41cd-965a-10fec38a3680', 'access-control-allow-origin': '*', 'strict-transport-security': 'max-age=31536000; includeSubDomains', 'x-frame-options': 'DENY', 'x-content-type-options': 'nosniff', 'referrer-policy': 'strict-origin-when-cross-origin', 'permissions-policy': 'geolocation=(), camera=(), microphone=(), payment=()', 'content-security-policy': "default-src 'none'; frame-ancestors 'none'", 'cache-control': 'no-store, no-cache, must-revalidate', 'pragma': 'no-cache', 'expires': '0', 'x-xss-protection': '0'}, status_code: 402, body: {'error': {'message': 'No credits available.', 'code': 'insufficient_quota_error', 'request_id': '20260526_cb3211a2-d68e-41cd-965a-10fec38a3680'}}. Retrying in 4.0s...
2026-05-26 13:21:29 [WARNING] Translate attempt 1 failed: headers: {'date': 'Tue, 26 May 2026 07:51:27 GMT', 'content-type': 'application/json', 'content-length': '140', 'connection': 'keep-alive', 'server': 'uvicorn', 'x-request-id': '20260526_a77574f7-4c5a-453f-94d5-c7f689025077', 'access-control-allow-origin': '*', 'strict-transport-security': 'max-age=31536000; includeSubDomains', 'x-frame-options': 'DENY', 'x-content-type-options': 'nosniff', 'referrer-policy': 'strict-origin-when-cross-origin', 'permissions-policy': 'geolocation=(), camera=(), microphone=(), payment=()', 'content-security-policy': "default-src 'none'; frame-ancestors 'none'", 'cache-control': 'no-store, no-cache, must-revalidate', 'pragma': 'no-cache', 'expires': '0', 'x-xss-protection': '0'}, status_code: 402, body: {'error': {'message': 'No credits available.', 'code': 'insufficient_quota_error', 'request_id': '20260526_a77574f7-4c5a-453f-94d5-c7f689025077'}}. Retrying in 2.0s...
2026-05-26 13:21:30 [DEBUG] Translating chunk 3/3 (233 chars)
2026-05-26 13:21:30 [WARNING] Translate attempt 1 failed: headers: {'date': 'Tue, 26 May 2026 07:51:28 GMT', 'content-type': 'application/json', 'content-length': '140', 'connection': 'keep-alive', 'server': 'uvicorn', 'x-request-id': '20260526_d3765cb3-1ce8-489f-8548-725c8c80557c', 'access-control-allow-origin': '*', 'strict-transport-security': 'max-age=31536000; includeSubDomains', 'x-frame-options': 'DENY', 'x-content-type-options': 'nosniff', 'referrer-policy': 'strict-origin-when-cross-origin', 'permissions-policy': 'geolocation=(), camera=(), microphone=(), payment=()', 'content-security-policy': "default-src 'none'; frame-ancestors 'none'", 'cache-control': 'no-store, no-cache, must-revalidate', 'pragma': 'no-cache', 'expires': '0', 'x-xss-protection': '0'}, status_code: 402, body: {'error': {'message': 'No credits available.', 'code': 'insufficient_quota_error', 'request_id': '20260526_d3765cb3-1ce8-489f-8548-725c8c80557c'}}. Retrying in 2.0s...
2026-05-26 13:21:31 [WARNING] Translate attempt 2 failed: headers: {'date': 'Tue, 26 May 2026 07:51:29 GMT', 'content-type': 'application/json', 'content-length': '140', 'connection': 'keep-alive', 'server': 'uvicorn', 'x-request-id': '20260526_43f7df9e-3436-4d50-b147-684f7c327317', 'access-control-allow-origin': '*', 'strict-transport-security': 'max-age=31536000; includeSubDomains', 'x-frame-options': 'DENY', 'x-content-type-options': 'nosniff', 'referrer-policy': 'strict-origin-when-cross-origin', 'permissions-policy': 'geolocation=(), camera=(), microphone=(), payment=()', 'content-security-policy': "default-src 'none'; frame-ancestors 'none'", 'cache-control': 'no-store, no-cache, must-revalidate', 'pragma': 'no-cache', 'expires': '0', 'x-xss-protection': '0'}, status_code: 402, body: {'error': {'message': 'No credits available.', 'code': 'insufficient_quota_error', 'request_id': '20260526_43f7df9e-3436-4d50-b147-684f7c327317'}}. Retrying in 4.0s...
2026-05-26 13:21:32 [WARNING] Translate attempt 2 failed: headers: {'date': 'Tue, 26 May 2026 07:51:30 GMT', 'content-type': 'application/json', 'content-length': '140', 'connection': 'keep-alive', 'server': 'uvicorn', 'x-request-id': '20260526_ba3c47d8-50b6-4a67-8396-6f3e905ef370', 'access-control-allow-origin': '*', 'strict-transport-security': 'max-age=31536000; includeSubDomains', 'x-frame-options': 'DENY', 'x-content-type-options': 'nosniff', 'referrer-policy': 'strict-origin-when-cross-origin', 'permissions-policy': 'geolocation=(), camera=(), microphone=(), payment=()', 'content-security-policy': "default-src 'none'; frame-ancestors 'none'", 'cache-control': 'no-store, no-cache, must-revalidate', 'pragma': 'no-cache', 'expires': '0', 'x-xss-protection': '0'}, status_code: 402, body: {'error': {'message': 'No credits available.', 'code': 'insufficient_quota_error', 'request_id': '20260526_ba3c47d8-50b6-4a67-8396-6f3e905ef370'}}. Retrying in 4.0s...
2026-05-26 13:21:35 [DEBUG] Translating chunk 2/4 (1490 chars)
2026-05-26 13:21:35 [WARNING] Translate attempt 1 failed: headers: {'date': 'Tue, 26 May 2026 07:51:33 GMT', 'content-type': 'application/json', 'content-length': '140', 'connection': 'keep-alive', 'server': 'uvicorn', 'x-request-id': '20260526_896d0c2c-c7ee-4b5c-b8a5-16214b4bee5f', 'access-control-allow-origin': '*', 'strict-transport-security': 'max-age=31536000; includeSubDomains', 'x-frame-options': 'DENY', 'x-content-type-options': 'nosniff', 'referrer-policy': 'strict-origin-when-cross-origin', 'permissions-policy': 'geolocation=(), camera=(), microphone=(), payment=()', 'content-security-policy': "default-src 'none'; frame-ancestors 'none'", 'cache-control': 'no-store, no-cache, must-revalidate', 'pragma': 'no-cache', 'expires': '0', 'x-xss-protection': '0'}, status_code: 402, body: {'error': {'message': 'No credits available.', 'code': 'insufficient_quota_error', 'request_id': '20260526_896d0c2c-c7ee-4b5c-b8a5-16214b4bee5f'}}. Retrying in 2.0s...
2026-05-26 13:21:35 [WARNING] Translate attempt 3 failed: headers: {'date': 'Tue, 26 May 2026 07:51:33 GMT', 'content-type': 'application/json', 'content-length': '140', 'connection': 'keep-alive', 'server': 'uvicorn', 'x-request-id': '20260526_805aad9c-dfaf-4421-a7f5-200ae7915985', 'access-control-allow-origin': '*', 'strict-transport-security': 'max-age=31536000; includeSubDomains', 'x-frame-options': 'DENY', 'x-content-type-options': 'nosniff', 'referrer-policy': 'strict-origin-when-cross-origin', 'permissions-policy': 'geolocation=(), camera=(), microphone=(), payment=()', 'content-security-policy': "default-src 'none'; frame-ancestors 'none'", 'cache-control': 'no-store, no-cache, must-revalidate', 'pragma': 'no-cache', 'expires': '0', 'x-xss-protection': '0'}, status_code: 402, body: {'error': {'message': 'No credits available.', 'code': 'insufficient_quota_error', 'request_id': '20260526_805aad9c-dfaf-4421-a7f5-200ae7915985'}}. Retrying in 8.0s...
2026-05-26 13:21:35 [ERROR] Error [telugu/invoice_azimg_20260519_155021_560_0001.md]: headers: {'date': 'Tue, 26 May 2026 07:51:33 GMT', 'content-type': 'application/json', 'content-length': '140', 'connection': 'keep-alive', 'server': 'uvicorn', 'x-request-id': '20260526_805aad9c-dfaf-4421-a7f5-200ae7915985', 'access-control-allow-origin': '*', 'strict-transport-security': 'max-age=31536000; includeSubDomains', 'x-frame-options': 'DENY', 'x-content-type-options': 'nosniff', 'referrer-policy': 'strict-origin-when-cross-origin', 'permissions-policy': 'geolocation=(), camera=(), microphone=(), payment=()', 'content-security-policy': "default-src 'none'; frame-ancestors 'none'", 'cache-control': 'no-store, no-cache, must-revalidate', 'pragma': 'no-cache', 'expires': '0', 'x-xss-protection': '0'}, status_code: 402, body: {'error': {'message': 'No credits available.', 'code': 'insufficient_quota_error', 'request_id': '20260526_805aad9c-dfaf-4421-a7f5-200ae7915985'}}
2026-05-26 13:21:35 [DEBUG] Translating chunk 1/4 (312 chars)
2026-05-26 13:21:36 [WARNING] Translate attempt 1 failed: headers: {'date': 'Tue, 26 May 2026 07:51:34 GMT', 'content-type': 'application/json', 'content-length': '140', 'connection': 'keep-alive', 'server': 'uvicorn', 'x-request-id': '20260526_0adc1ef2-e842-4760-ba0f-37e866a99b50', 'access-control-allow-origin': '*', 'strict-transport-security': 'max-age=31536000; includeSubDomains', 'x-frame-options': 'DENY', 'x-content-type-options': 'nosniff', 'referrer-policy': 'strict-origin-when-cross-origin', 'permissions-policy': 'geolocation=(), camera=(), microphone=(), payment=()', 'content-security-policy': "default-src 'none'; frame-ancestors 'none'", 'cache-control': 'no-store, no-cache, must-revalidate', 'pragma': 'no-cache', 'expires': '0', 'x-xss-protection': '0'}, status_code: 402, body: {'error': {'message': 'No credits available.', 'code': 'insufficient_quota_error', 'request_id': '20260526_0adc1ef2-e842-4760-ba0f-37e866a99b50'}}. Retrying in 2.0s...
2026-05-26 13:21:36 [DEBUG] Translating chunk 2/4 (1493 chars)
2026-05-26 13:21:36 [WARNING] Translate attempt 1 failed: headers: {'date': 'Tue, 26 May 2026 07:51:34 GMT', 'content-type': 'application/json', 'content-length': '140', 'connection': 'keep-alive', 'server': 'uvicorn', 'x-request-id': '20260526_87f97376-5962-4bad-a7af-9c78e12c53ab', 'access-control-allow-origin': '*', 'strict-transport-security': 'max-age=31536000; includeSubDomains', 'x-frame-options': 'DENY', 'x-content-type-options': 'nosniff', 'referrer-policy': 'strict-origin-when-cross-origin', 'permissions-policy': 'geolocation=(), camera=(), microphone=(), payment=()', 'content-security-policy': "default-src 'none'; frame-ancestors 'none'", 'cache-control': 'no-store, no-cache, must-revalidate', 'pragma': 'no-cache', 'expires': '0', 'x-xss-protection': '0'}, status_code: 402, body: {'error': {'message': 'No credits available.', 'code': 'insufficient_quota_error', 'request_id': '20260526_87f97376-5962-4bad-a7af-9c78e12c53ab'}}. Retrying in 2.0s...
2026-05-26 13:21:36 [WARNING] Translate attempt 3 failed: headers: {'date': 'Tue, 26 May 2026 07:51:34 GMT', 'content-type': 'application/json', 'content-length': '140', 'connection': 'keep-alive', 'server': 'uvicorn', 'x-request-id': '20260526_a4bc4006-a18f-4aeb-b82d-d3e93483fb1e', 'access-control-allow-origin': '*', 'strict-transport-security': 'max-age=31536000; includeSubDomains', 'x-frame-options': 'DENY', 'x-content-type-options': 'nosniff', 'referrer-policy': 'strict-origin-when-cross-origin', 'permissions-policy': 'geolocation=(), camera=(), microphone=(), payment=()', 'content-security-policy': "default-src 'none'; frame-ancestors 'none'", 'cache-control': 'no-store, no-cache, must-revalidate', 'pragma': 'no-cache', 'expires': '0', 'x-xss-protection': '0'}, status_code: 402, body: {'error': {'message': 'No credits available.', 'code': 'insufficient_quota_error', 'request_id': '20260526_a4bc4006-a18f-4aeb-b82d-d3e93483fb1e'}}. Retrying in 8.0s...
2026-05-26 13:21:36 [ERROR] Error [tamil/invoice_azimg_20260519_161402_545_0005.md]: headers: {'date': 'Tue, 26 May 2026 07:51:34 GMT', 'content-type': 'application/json', 'content-length': '140', 'connection': 'keep-alive', 'server': 'uvicorn', 'x-request-id': '20260526_a4bc4006-a18f-4aeb-b82d-d3e93483fb1e', 'access-control-allow-origin': '*', 'strict-transport-security': 'max-age=31536000; includeSubDomains', 'x-frame-options': 'DENY', 'x-content-type-options': 'nosniff', 'referrer-policy': 'strict-origin-when-cross-origin', 'permissions-policy': 'geolocation=(), camera=(), microphone=(), payment=()', 'content-security-policy': "default-src 'none'; frame-ancestors 'none'", 'cache-control': 'no-store, no-cache, must-revalidate', 'pragma': 'no-cache', 'expires': '0', 'x-xss-protection': '0'}, status_code: 402, body: {'error': {'message': 'No credits available.', 'code': 'insufficient_quota_error', 'request_id': '20260526_a4bc4006-a18f-4aeb-b82d-d3e93483fb1e'}}
2026-05-26 13:21:36 [DEBUG] Translating chunk 1/4 (294 chars)
2026-05-26 13:21:36 [WARNING] Translate attempt 1 failed: headers: {'date': 'Tue, 26 May 2026 07:51:34 GMT', 'content-type': 'application/json', 'content-length': '140', 'connection': 'keep-alive', 'server': 'uvicorn', 'x-request-id': '20260526_6d441386-6a77-4ec0-a126-4a501a5a389e', 'access-control-allow-origin': '*', 'strict-transport-security': 'max-age=31536000; includeSubDomains', 'x-frame-options': 'DENY', 'x-content-type-options': 'nosniff', 'referrer-policy': 'strict-origin-when-cross-origin', 'permissions-policy': 'geolocation=(), camera=(), microphone=(), payment=()', 'content-security-policy': "default-src 'none'; frame-ancestors 'none'", 'cache-control': 'no-store, no-cache, must-revalidate', 'pragma': 'no-cache', 'expires': '0', 'x-xss-protection': '0'}, status_code: 402, body: {'error': {'message': 'No credits available.', 'code': 'insufficient_quota_error', 'request_id': '20260526_6d441386-6a77-4ec0-a126-4a501a5a389e'}}. Retrying in 2.0s...
2026-05-26 13:21:37 [WARNING] Translate attempt 2 failed: headers: {'date': 'Tue, 26 May 2026 07:51:35 GMT', 'content-type': 'application/json', 'content-length': '140', 'connection': 'keep-alive', 'server': 'uvicorn', 'x-request-id': '20260526_830ee758-3928-4aea-9b69-ee45f31e5aca', 'access-control-allow-origin': '*', 'strict-transport-security': 'max-age=31536000; includeSubDomains', 'x-frame-options': 'DENY', 'x-content-type-options': 'nosniff', 'referrer-policy': 'strict-origin-when-cross-origin', 'permissions-policy': 'geolocation=(), camera=(), microphone=(), payment=()', 'content-security-policy': "default-src 'none'; frame-ancestors 'none'", 'cache-control': 'no-store, no-cache, must-revalidate', 'pragma': 'no-cache', 'expires': '0', 'x-xss-protection': '0'}, status_code: 402, body: {'error': {'message': 'No credits available.', 'code': 'insufficient_quota_error', 'request_id': '20260526_830ee758-3928-4aea-9b69-ee45f31e5aca'}}. Retrying in 4.0s...
2026-05-26 13:21:38 [WARNING] Translate attempt 2 failed: headers: {'date': 'Tue, 26 May 2026 07:51:36 GMT', 'content-type': 'application/json', 'content-length': '140', 'connection': 'keep-alive', 'server': 'uvicorn', 'x-request-id': '20260526_7bc0bbc4-65ab-41f2-a7dc-7033757b2fbb', 'access-control-allow-origin': '*', 'strict-transport-security': 'max-age=31536000; includeSubDomains', 'x-frame-options': 'DENY', 'x-content-type-options': 'nosniff', 'referrer-policy': 'strict-origin-when-cross-origin', 'permissions-policy': 'geolocation=(), camera=(), microphone=(), payment=()', 'content-security-policy': "default-src 'none'; frame-ancestors 'none'", 'cache-control': 'no-store, no-cache, must-revalidate', 'pragma': 'no-cache', 'expires': '0', 'x-xss-protection': '0'}, status_code: 402, body: {'error': {'message': 'No credits available.', 'code': 'insufficient_quota_error', 'request_id': '20260526_7bc0bbc4-65ab-41f2-a7dc-7033757b2fbb'}}. Retrying in 4.0s...
2026-05-26 13:21:38 [WARNING] Translate attempt 2 failed: headers: {'date': 'Tue, 26 May 2026 07:51:36 GMT', 'content-type': 'application/json', 'content-length': '140', 'connection': 'keep-alive', 'server': 'uvicorn', 'x-request-id': '20260526_287cfae1-977f-44be-ba35-c331318ffc41', 'access-control-allow-origin': '*', 'strict-transport-security': 'max-age=31536000; includeSubDomains', 'x-frame-options': 'DENY', 'x-content-type-options': 'nosniff', 'referrer-policy': 'strict-origin-when-cross-origin', 'permissions-policy': 'geolocation=(), camera=(), microphone=(), payment=()', 'content-security-policy': "default-src 'none'; frame-ancestors 'none'", 'cache-control': 'no-store, no-cache, must-revalidate', 'pragma': 'no-cache', 'expires': '0', 'x-xss-protection': '0'}, status_code: 402, body: {'error': {'message': 'No credits available.', 'code': 'insufficient_quota_error', 'request_id': '20260526_287cfae1-977f-44be-ba35-c331318ffc41'}}. Retrying in 4.0s...
2026-05-26 13:21:38 [WARNING] Translate attempt 2 failed: headers: {'date': 'Tue, 26 May 2026 07:51:36 GMT', 'content-type': 'application/json', 'content-length': '140', 'connection': 'keep-alive', 'server': 'uvicorn', 'x-request-id': '20260526_83db46e4-5bb5-4909-a567-6bf60eb79df4', 'access-control-allow-origin': '*', 'strict-transport-security': 'max-age=31536000; includeSubDomains', 'x-frame-options': 'DENY', 'x-content-type-options': 'nosniff', 'referrer-policy': 'strict-origin-when-cross-origin', 'permissions-policy': 'geolocation=(), camera=(), microphone=(), payment=()', 'content-security-policy': "default-src 'none'; frame-ancestors 'none'", 'cache-control': 'no-store, no-cache, must-revalidate', 'pragma': 'no-cache', 'expires': '0', 'x-xss-protection': '0'}, status_code: 402, body: {'error': {'message': 'No credits available.', 'code': 'insufficient_quota_error', 'request_id': '20260526_83db46e4-5bb5-4909-a567-6bf60eb79df4'}}. Retrying in 4.0s...
2026-05-26 13:21:41 [WARNING] Translate attempt 3 failed: headers: {'date': 'Tue, 26 May 2026 07:51:39 GMT', 'content-type': 'application/json', 'content-length': '140', 'connection': 'keep-alive', 'server': 'uvicorn', 'x-request-id': '20260526_9c95bd9d-8cdc-4f52-9578-557034225859', 'access-control-allow-origin': '*', 'strict-transport-security': 'max-age=31536000; includeSubDomains', 'x-frame-options': 'DENY', 'x-content-type-options': 'nosniff', 'referrer-policy': 'strict-origin-when-cross-origin', 'permissions-policy': 'geolocation=(), camera=(), microphone=(), payment=()', 'content-security-policy': "default-src 'none'; frame-ancestors 'none'", 'cache-control': 'no-store, no-cache, must-revalidate', 'pragma': 'no-cache', 'expires': '0', 'x-xss-protection': '0'}, status_code: 402, body: {'error': {'message': 'No credits available.', 'code': 'insufficient_quota_error', 'request_id': '20260526_9c95bd9d-8cdc-4f52-9578-557034225859'}}. Retrying in 8.0s...
2026-05-26 13:21:41 [ERROR] Error [marathi/invoice_azimg_20260518_165222_000_0005.md]: headers: {'date': 'Tue, 26 May 2026 07:51:39 GMT', 'content-type': 'application/json', 'content-length': '140', 'connection': 'keep-alive', 'server': 'uvicorn', 'x-request-id': '20260526_9c95bd9d-8cdc-4f52-9578-557034225859', 'access-control-allow-origin': '*', 'strict-transport-security': 'max-age=31536000; includeSubDomains', 'x-frame-options': 'DENY', 'x-content-type-options': 'nosniff', 'referrer-policy': 'strict-origin-when-cross-origin', 'permissions-policy': 'geolocation=(), camera=(), microphone=(), payment=()', 'content-security-policy': "default-src 'none'; frame-ancestors 'none'", 'cache-control': 'no-store, no-cache, must-revalidate', 'pragma': 'no-cache', 'expires': '0', 'x-xss-protection': '0'}, status_code: 402, body: {'error': {'message': 'No credits available.', 'code': 'insufficient_quota_error', 'request_id': '20260526_9c95bd9d-8cdc-4f52-9578-557034225859'}}
2026-05-26 13:21:41 [DEBUG] Translating chunk 1/4 (443 chars)
2026-05-26 13:21:42 [WARNING] Translate attempt 1 failed: headers: {'date': 'Tue, 26 May 2026 07:51:40 GMT', 'content-type': 'application/json', 'content-length': '140', 'connection': 'keep-alive', 'server': 'uvicorn', 'x-request-id': '20260526_7d96e21a-ef95-40f4-881a-b8521a50cdf7', 'access-control-allow-origin': '*', 'strict-transport-security': 'max-age=31536000; includeSubDomains', 'x-frame-options': 'DENY', 'x-content-type-options': 'nosniff', 'referrer-policy': 'strict-origin-when-cross-origin', 'permissions-policy': 'geolocation=(), camera=(), microphone=(), payment=()', 'content-security-policy': "default-src 'none'; frame-ancestors 'none'", 'cache-control': 'no-store, no-cache, must-revalidate', 'pragma': 'no-cache', 'expires': '0', 'x-xss-protection': '0'}, status_code: 402, body: {'error': {'message': 'No credits available.', 'code': 'insufficient_quota_error', 'request_id': '20260526_7d96e21a-ef95-40f4-881a-b8521a50cdf7'}}. Retrying in 2.0s...
2026-05-26 13:21:42 [WARNING] Translate attempt 3 failed: headers: {'date': 'Tue, 26 May 2026 07:51:40 GMT', 'content-type': 'application/json', 'content-length': '140', 'connection': 'keep-alive', 'server': 'uvicorn', 'x-request-id': '20260526_507fe8fe-5899-45c3-b148-343891a54187', 'access-control-allow-origin': '*', 'strict-transport-security': 'max-age=31536000; includeSubDomains', 'x-frame-options': 'DENY', 'x-content-type-options': 'nosniff', 'referrer-policy': 'strict-origin-when-cross-origin', 'permissions-policy': 'geolocation=(), camera=(), microphone=(), payment=()', 'content-security-policy': "default-src 'none'; frame-ancestors 'none'", 'cache-control': 'no-store, no-cache, must-revalidate', 'pragma': 'no-cache', 'expires': '0', 'x-xss-protection': '0'}, status_code: 402, body: {'error': {'message': 'No credits available.', 'code': 'insufficient_quota_error', 'request_id': '20260526_507fe8fe-5899-45c3-b148-343891a54187'}}. Retrying in 8.0s...
2026-05-26 13:21:42 [ERROR] Error [telugu/invoice_azimg_20260519_155355_872_0003.md]: headers: {'date': 'Tue, 26 May 2026 07:51:40 GMT', 'content-type': 'application/json', 'content-length': '140', 'connection': 'keep-alive', 'server': 'uvicorn', 'x-request-id': '20260526_507fe8fe-5899-45c3-b148-343891a54187', 'access-control-allow-origin': '*', 'strict-transport-security': 'max-age=31536000; includeSubDomains', 'x-frame-options': 'DENY', 'x-content-type-options': 'nosniff', 'referrer-policy': 'strict-origin-when-cross-origin', 'permissions-policy': 'geolocation=(), camera=(), microphone=(), payment=()', 'content-security-policy': "default-src 'none'; frame-ancestors 'none'", 'cache-control': 'no-store, no-cache, must-revalidate', 'pragma': 'no-cache', 'expires': '0', 'x-xss-protection': '0'}, status_code: 402, body: {'error': {'message': 'No credits available.', 'code': 'insufficient_quota_error', 'request_id': '20260526_507fe8fe-5899-45c3-b148-343891a54187'}}
2026-05-26 13:21:42 [WARNING] Translate attempt 3 failed: headers: {'date': 'Tue, 26 May 2026 07:51:40 GMT', 'content-type': 'application/json', 'content-length': '140', 'connection': 'keep-alive', 'server': 'uvicorn', 'x-request-id': '20260526_dfe6a2e3-dfb3-458a-8738-15681ce0340a', 'access-control-allow-origin': '*', 'strict-transport-security': 'max-age=31536000; includeSubDomains', 'x-frame-options': 'DENY', 'x-content-type-options': 'nosniff', 'referrer-policy': 'strict-origin-when-cross-origin', 'permissions-policy': 'geolocation=(), camera=(), microphone=(), payment=()', 'content-security-policy': "default-src 'none'; frame-ancestors 'none'", 'cache-control': 'no-store, no-cache, must-revalidate', 'pragma': 'no-cache', 'expires': '0', 'x-xss-protection': '0'}, status_code: 402, body: {'error': {'message': 'No credits available.', 'code': 'insufficient_quota_error', 'request_id': '20260526_dfe6a2e3-dfb3-458a-8738-15681ce0340a'}}. Retrying in 8.0s...
2026-05-26 13:21:42 [ERROR] Error [telugu/invoice_azimg_20260519_155150_510_0002.md]: headers: {'date': 'Tue, 26 May 2026 07:51:40 GMT', 'content-type': 'application/json', 'content-length': '140', 'connection': 'keep-alive', 'server': 'uvicorn', 'x-request-id': '20260526_dfe6a2e3-dfb3-458a-8738-15681ce0340a', 'access-control-allow-origin': '*', 'strict-transport-security': 'max-age=31536000; includeSubDomains', 'x-frame-options': 'DENY', 'x-content-type-options': 'nosniff', 'referrer-policy': 'strict-origin-when-cross-origin', 'permissions-policy': 'geolocation=(), camera=(), microphone=(), payment=()', 'content-security-policy': "default-src 'none'; frame-ancestors 'none'", 'cache-control': 'no-store, no-cache, must-revalidate', 'pragma': 'no-cache', 'expires': '0', 'x-xss-protection': '0'}, status_code: 402, body: {'error': {'message': 'No credits available.', 'code': 'insufficient_quota_error', 'request_id': '20260526_dfe6a2e3-dfb3-458a-8738-15681ce0340a'}}
2026-05-26 13:21:42 [WARNING] Translate attempt 3 failed: headers: {'date': 'Tue, 26 May 2026 07:51:40 GMT', 'content-type': 'application/json', 'content-length': '140', 'connection': 'keep-alive', 'server': 'uvicorn', 'x-request-id': '20260526_209f53c2-490a-4b58-a338-c66503937c88', 'access-control-allow-origin': '*', 'strict-transport-security': 'max-age=31536000; includeSubDomains', 'x-frame-options': 'DENY', 'x-content-type-options': 'nosniff', 'referrer-policy': 'strict-origin-when-cross-origin', 'permissions-policy': 'geolocation=(), camera=(), microphone=(), payment=()', 'content-security-policy': "default-src 'none'; frame-ancestors 'none'", 'cache-control': 'no-store, no-cache, must-revalidate', 'pragma': 'no-cache', 'expires': '0', 'x-xss-protection': '0'}, status_code: 402, body: {'error': {'message': 'No credits available.', 'code': 'insufficient_quota_error', 'request_id': '20260526_209f53c2-490a-4b58-a338-c66503937c88'}}. Retrying in 8.0s...
2026-05-26 13:21:42 [ERROR] Error [telugu/invoice_azimg_20260519_155637_783_0004.md]: headers: {'date': 'Tue, 26 May 2026 07:51:40 GMT', 'content-type': 'application/json', 'content-length': '140', 'connection': 'keep-alive', 'server': 'uvicorn', 'x-request-id': '20260526_209f53c2-490a-4b58-a338-c66503937c88', 'access-control-allow-origin': '*', 'strict-transport-security': 'max-age=31536000; includeSubDomains', 'x-frame-options': 'DENY', 'x-content-type-options': 'nosniff', 'referrer-policy': 'strict-origin-when-cross-origin', 'permissions-policy': 'geolocation=(), camera=(), microphone=(), payment=()', 'content-security-policy': "default-src 'none'; frame-ancestors 'none'", 'cache-control': 'no-store, no-cache, must-revalidate', 'pragma': 'no-cache', 'expires': '0', 'x-xss-protection': '0'}, status_code: 402, body: {'error': {'message': 'No credits available.', 'code': 'insufficient_quota_error', 'request_id': '20260526_209f53c2-490a-4b58-a338-c66503937c88'}}
2026-05-26 13:21:44 [WARNING] Translate attempt 2 failed: headers: {'date': 'Tue, 26 May 2026 07:51:42 GMT', 'content-type': 'application/json', 'content-length': '140', 'connection': 'keep-alive', 'server': 'uvicorn', 'x-request-id': '20260526_cfbf98ac-1736-4944-a338-c88020491252', 'access-control-allow-origin': '*', 'strict-transport-security': 'max-age=31536000; includeSubDomains', 'x-frame-options': 'DENY', 'x-content-type-options': 'nosniff', 'referrer-policy': 'strict-origin-when-cross-origin', 'permissions-policy': 'geolocation=(), camera=(), microphone=(), payment=()', 'content-security-policy': "default-src 'none'; frame-ancestors 'none'", 'cache-control': 'no-store, no-cache, must-revalidate', 'pragma': 'no-cache', 'expires': '0', 'x-xss-protection': '0'}, status_code: 402, body: {'error': {'message': 'No credits available.', 'code': 'insufficient_quota_error', 'request_id': '20260526_cfbf98ac-1736-4944-a338-c88020491252'}}. Retrying in 4.0s...
2026-05-26 13:21:48 [WARNING] Translate attempt 3 failed: headers: {'date': 'Tue, 26 May 2026 07:51:46 GMT', 'content-type': 'application/json', 'content-length': '140', 'connection': 'keep-alive', 'server': 'uvicorn', 'x-request-id': '20260526_6f430eb1-da8b-4b71-a2f0-3ed77d62a04a', 'access-control-allow-origin': '*', 'strict-transport-security': 'max-age=31536000; includeSubDomains', 'x-frame-options': 'DENY', 'x-content-type-options': 'nosniff', 'referrer-policy': 'strict-origin-when-cross-origin', 'permissions-policy': 'geolocation=(), camera=(), microphone=(), payment=()', 'content-security-policy': "default-src 'none'; frame-ancestors 'none'", 'cache-control': 'no-store, no-cache, must-revalidate', 'pragma': 'no-cache', 'expires': '0', 'x-xss-protection': '0'}, status_code: 402, body: {'error': {'message': 'No credits available.', 'code': 'insufficient_quota_error', 'request_id': '20260526_6f430eb1-da8b-4b71-a2f0-3ed77d62a04a'}}. Retrying in 8.0s...
2026-05-26 13:21:48 [ERROR] Error [telugu/invoice_azimg_20260519_155956_479_0005.md]: headers: {'date': 'Tue, 26 May 2026 07:51:46 GMT', 'content-type': 'application/json', 'content-length': '140', 'connection': 'keep-alive', 'server': 'uvicorn', 'x-request-id': '20260526_6f430eb1-da8b-4b71-a2f0-3ed77d62a04a', 'access-control-allow-origin': '*', 'strict-transport-security': 'max-age=31536000; includeSubDomains', 'x-frame-options': 'DENY', 'x-content-type-options': 'nosniff', 'referrer-policy': 'strict-origin-when-cross-origin', 'permissions-policy': 'geolocation=(), camera=(), microphone=(), payment=()', 'content-security-policy': "default-src 'none'; frame-ancestors 'none'", 'cache-control': 'no-store, no-cache, must-revalidate', 'pragma': 'no-cache', 'expires': '0', 'x-xss-protection': '0'}, status_code: 402, body: {'error': {'message': 'No credits available.', 'code': 'insufficient_quota_error', 'request_id': '20260526_6f430eb1-da8b-4b71-a2f0-3ed77d62a04a'}}
2026-05-26 13:21:48 [INFO] Finished. ✓ 22 translated | ⏭  0 skipped | ✗ 10 errors. See sarvam_translate.log for details.
2026-05-26 13:21:48 [INFO] Translations saved under: D:\GENAI - Practise\sarvam_test\output_en/
2026-05-26 13:25:29 [INFO] Found 32 file(s) across 6 language(s). Workers=4, Target=en-IN, Model=sarvam-translate:v1
2026-05-26 13:25:29 [INFO] Skip (exists): bengali/invoice_azimg_20260519_122908_227_0001.md
2026-05-26 13:25:29 [INFO] Skip (exists): bengali/invoice_azimg_20260519_153613_901_0001.md
2026-05-26 13:25:29 [INFO] Skip (exists): bengali/invoice_azimg_20260519_153746_560_0002.md
2026-05-26 13:25:29 [INFO] Skip (exists): bengali/invoice_azimg_20260519_153910_700_0003.md
2026-05-26 13:25:29 [INFO] Skip (exists): bengali/invoice_azimg_20260519_154113_077_0004.md
2026-05-26 13:25:29 [INFO] Skip (exists): hindi/invoice_azimg_20260518_164156_260_0001.md
2026-05-26 13:25:29 [INFO] Skip (exists): bengali/invoice_azimg_20260519_154345_017_0005.md
2026-05-26 13:25:29 [INFO] Skip (exists): hindi/invoice_azimg_20260518_164305_728_0002.md
2026-05-26 13:25:29 [INFO] Skip (exists): hindi/invoice_azimg_20260518_164413_911_0003.md
2026-05-26 13:25:29 [INFO] Skip (exists): hindi/invoice_azimg_20260518_164512_602_0004.md
2026-05-26 13:25:29 [INFO] Skip (exists): hindi/invoice_azimg_20260518_164637_822_0005.md
2026-05-26 13:25:29 [INFO] Skip (exists): hindi/invoice_azimg_20260519_122631_271_0001.md
2026-05-26 13:25:29 [INFO] Skip (exists): kannada/invoice_azimg_20260518_165424_383_0001.md
2026-05-26 13:25:29 [INFO] Skip (exists): kannada/invoice_azimg_20260518_165531_027_0002.md
2026-05-26 13:25:29 [INFO] Skip (exists): kannada/invoice_azimg_20260518_165635_605_0003.md
2026-05-26 13:25:29 [INFO] Skip (exists): kannada/invoice_azimg_20260518_165744_645_0004.md
2026-05-26 13:25:29 [INFO] Skip (exists): kannada/invoice_azimg_20260518_165852_400_0005.md
2026-05-26 13:25:29 [INFO] Skip (exists): marathi/invoice_azimg_20260518_164804_713_0001.md
2026-05-26 13:25:29 [INFO] Skip (exists): marathi/invoice_azimg_20260518_164907_768_0002.md
2026-05-26 13:25:29 [INFO] Skip (exists): marathi/invoice_azimg_20260518_165010_694_0003.md
2026-05-26 13:25:29 [INFO] Skip (exists): marathi/invoice_azimg_20260518_165119_130_0004.md
2026-05-26 13:25:29 [DEBUG] Translating chunk 1/4 (253 chars)
2026-05-26 13:25:29 [INFO] Skip (exists): tamil/invoice_azimg_20260519_160402_993_0001.md
2026-05-26 13:25:29 [DEBUG] Translating chunk 1/4 (355 chars)
2026-05-26 13:25:29 [DEBUG] Translating chunk 1/4 (390 chars)
2026-05-26 13:25:29 [DEBUG] Translating chunk 1/5 (238 chars)
2026-05-26 13:25:30 [DEBUG] Translating chunk 2/4 (1498 chars)
2026-05-26 13:25:31 [DEBUG] Translating chunk 2/4 (1491 chars)
2026-05-26 13:25:31 [DEBUG] Translating chunk 2/4 (1490 chars)
2026-05-26 13:25:34 [DEBUG] Translating chunk 3/4 (1500 chars)
2026-05-26 13:25:35 [DEBUG] Translating chunk 3/4 (1128 chars)
2026-05-26 13:25:36 [DEBUG] Translating chunk 3/4 (607 chars)
2026-05-26 13:25:38 [DEBUG] Translating chunk 4/4 (117 chars)
2026-05-26 13:25:38 [INFO] Done: tamil/invoice_azimg_20260519_160730_028_0003.md
2026-05-26 13:25:38 [DEBUG] Translating chunk 1/3 (87 chars)
2026-05-26 13:25:39 [DEBUG] Translating chunk 4/4 (208 chars)
2026-05-26 13:25:39 [DEBUG] Translating chunk 2/3 (1487 chars)
2026-05-26 13:25:39 [DEBUG] Translating chunk 4/4 (771 chars)
2026-05-26 13:25:39 [INFO] Done: marathi/invoice_azimg_20260518_165222_000_0005.md
2026-05-26 13:25:39 [DEBUG] Translating chunk 1/4 (725 chars)
2026-05-26 13:25:41 [INFO] Done: tamil/invoice_azimg_20260519_160536_242_0002.md
2026-05-26 13:25:41 [DEBUG] Translating chunk 1/4 (1112 chars)
2026-05-26 13:25:41 [DEBUG] Translating chunk 2/4 (1497 chars)
2026-05-26 13:25:42 [DEBUG] Translating chunk 3/3 (233 chars)
2026-05-26 13:25:43 [INFO] Done: tamil/invoice_azimg_20260519_161402_545_0005.md
2026-05-26 13:25:43 [DEBUG] Translating chunk 1/4 (312 chars)
2026-05-26 13:25:43 [DEBUG] Translating chunk 2/4 (1493 chars)
2026-05-26 13:25:45 [DEBUG] Translating chunk 2/5 (1492 chars)
2026-05-26 13:25:46 [DEBUG] Translating chunk 3/4 (764 chars)
2026-05-26 13:25:46 [DEBUG] Translating chunk 2/4 (1499 chars)
2026-05-26 13:25:48 [DEBUG] Translating chunk 3/4 (639 chars)
2026-05-26 13:25:48 [DEBUG] Translating chunk 4/4 (206 chars)
2026-05-26 13:25:49 [INFO] Done: telugu/invoice_azimg_20260519_155021_560_0001.md
2026-05-26 13:25:49 [DEBUG] Translating chunk 1/4 (294 chars)
2026-05-26 13:25:49 [DEBUG] Translating chunk 2/4 (1496 chars)
2026-05-26 13:25:49 [DEBUG] Translating chunk 4/4 (556 chars)
2026-05-26 13:25:50 [DEBUG] Translating chunk 3/5 (1456 chars)
2026-05-26 13:25:51 [INFO] Done: telugu/invoice_azimg_20260519_155150_510_0002.md
2026-05-26 13:25:51 [DEBUG] Translating chunk 1/4 (443 chars)
2026-05-26 13:25:53 [DEBUG] Translating chunk 2/4 (1489 chars)
2026-05-26 13:25:53 [DEBUG] Translating chunk 4/5 (274 chars)
2026-05-26 13:25:54 [DEBUG] Translating chunk 3/4 (1494 chars)
2026-05-26 13:25:54 [DEBUG] Translating chunk 5/5 (320 chars)
2026-05-26 13:25:55 [INFO] Done: tamil/invoice_azimg_20260519_161130_029_0004.md
2026-05-26 13:25:57 [DEBUG] Translating chunk 3/4 (1350 chars)
2026-05-26 13:25:58 [DEBUG] Translating chunk 4/4 (283 chars)
2026-05-26 13:25:59 [INFO] Done: telugu/invoice_azimg_20260519_155637_783_0004.md
2026-05-26 13:26:01 [DEBUG] Translating chunk 4/4 (374 chars)
2026-05-26 13:26:02 [INFO] Done: telugu/invoice_azimg_20260519_155956_479_0005.md
2026-05-26 13:26:05 [DEBUG] Translating chunk 3/4 (1437 chars)
2026-05-26 13:26:09 [DEBUG] Translating chunk 4/4 (533 chars)
2026-05-26 13:26:10 [INFO] Done: telugu/invoice_azimg_20260519_155355_872_0003.md
2026-05-26 13:26:10 [INFO] Finished. ✓ 10 translated | ⏭  22 skipped | ✗ 0 errors. See sarvam_translate.log for details.
2026-05-26 13:26:10 [INFO] Translations saved under: D:\GENAI - Practise\sarvam_test\output_en/
